<?xml version="1.0" encoding="UTF-8"?>
<testng-results skipped="0" failed="0" ignored="0" total="1" passed="1">
  <reporter-output>
  </reporter-output>
  <suite name="Default suite" duration-ms="52670" started-at="2021-02-11T16:30:59 BRT" finished-at="2021-02-11T16:31:52 BRT">
    <groups>
    </groups>
    <test name="Default test" duration-ms="52670" started-at="2021-02-11T16:30:59 BRT" finished-at="2021-02-11T16:31:52 BRT">
      <class name="Steps.TestingLeroyMerlin">
        <test-method status="PASS" signature="setUp()[pri:0, instance:Steps.TestingLeroyMerlin@51cdd8a]" name="setUp" is-config="true" duration-ms="23741" started-at="2021-02-11T16:30:59 BRT" finished-at="2021-02-11T16:31:23 BRT">
          <reporter-output>
          </reporter-output>
        </test-method> <!-- setUp -->
        <test-method status="PASS" signature="chooseAndCart()[pri:0, instance:Steps.TestingLeroyMerlin@51cdd8a]" name="chooseAndCart" duration-ms="28594" started-at="2021-02-11T16:31:23 BRT" finished-at="2021-02-11T16:31:52 BRT">
          <reporter-output>
          </reporter-output>
        </test-method> <!-- chooseAndCart -->
        <test-method status="PASS" signature="tearDown()[pri:0, instance:Steps.TestingLeroyMerlin@51cdd8a]" name="tearDown" is-config="true" duration-ms="228" started-at="2021-02-11T16:31:52 BRT" finished-at="2021-02-11T16:31:52 BRT">
          <reporter-output>
          </reporter-output>
        </test-method> <!-- tearDown -->
      </class> <!-- Steps.TestingLeroyMerlin -->
    </test> <!-- Default test -->
  </suite> <!-- Default suite -->
</testng-results>
